2025-07-11 14:09:14,760 - TeleDrive - INFO - ============================================================
2025-07-11 14:09:14,760 - TeleDrive - INFO - 🚀 TeleDrive Started
2025-07-11 14:09:14,760 - TeleDrive - INFO - 📁 Log: logs\app_20250711.log
2025-07-11 14:09:14,761 - TeleDrive - INFO - ============================================================
2025-07-11 14:09:14,761 - TeleDrive.System - INFO - 💻 System Info:
2025-07-11 14:09:14,761 - TeleDrive.System - INFO -    OS: Windows 11
2025-07-11 14:09:14,761 - TeleDrive.System - INFO -    Python: 3.12.5
2025-07-11 14:09:14,801 - TeleDrive.System - INFO -    Tkinter: 8.6.13
2025-07-11 14:09:14,803 - TeleDrive.Dependencies - INFO - 📦 Dependencies:
2025-07-11 14:09:14,803 - TeleDrive.Dependencies - INFO -    ✅ telethon: 1.34.0
2025-07-11 14:09:14,803 - TeleDrive.Dependencies - INFO -    ✅ PIL: 10.1.0
2025-07-11 14:09:14,803 - TeleDrive.Main - INFO - 🔧 API Configuration - ID: 21272067, Session: teledrive_session
2025-07-11 14:09:14,804 - TeleDrive.Main - INFO - 🚀 Starting TeleDrive application...
2025-07-11 14:09:14,804 - TeleDrive.App - INFO - 🚀 Initializing TeleDrive Application...
2025-07-11 14:09:14,804 - TeleDrive.App - DEBUG - Creating main window...
2025-07-11 14:09:14,836 - TeleDrive.App - INFO - ✅ Main window created successfully
2025-07-11 14:09:14,836 - TeleDrive.App - DEBUG - Initializing application variables...
2025-07-11 14:09:14,836 - TeleDrive.App - DEBUG - Creating Telegram client...
2025-07-11 14:09:14,837 - asyncio - DEBUG - Using proactor: IocpProactor
2025-07-11 14:09:14,838 - TeleDrive.App - INFO - ✅ Telegram client created successfully
2025-07-11 14:09:14,838 - TeleDrive.App - DEBUG - Loading application logo...
2025-07-11 14:09:14,838 - TeleDrive.App - DEBUG - Checking for logo file: teledrive.png
2025-07-11 14:09:14,839 - TeleDrive.App - DEBUG - Logo file found, loading image...
2025-07-11 14:09:14,848 - PIL.PngImagePlugin - DEBUG - STREAM b'IHDR' 16 13
2025-07-11 14:09:14,848 - PIL.PngImagePlugin - DEBUG - STREAM b'pHYs' 41 9
2025-07-11 14:09:14,849 - PIL.PngImagePlugin - DEBUG - STREAM b'IDAT' 62 8192
2025-07-11 14:09:14,849 - TeleDrive.App - DEBUG - Original logo size: (256, 256)
2025-07-11 14:09:14,855 - TeleDrive.App - INFO - ✅ Logo loaded successfully: teledrive.png ((256, 256) -> (64, 64))
2025-07-11 14:09:14,855 - TeleDrive.App - DEBUG - Showing initial login interface...
2025-07-11 14:09:14,855 - TeleDrive.App - INFO - 🔐 Showing login interface...
2025-07-11 14:09:14,855 - TeleDrive.App - DEBUG - Clearing existing widgets...
2025-07-11 14:09:14,855 - TeleDrive.App - DEBUG - Cleared 0 existing widgets
2025-07-11 14:09:14,857 - TeleDrive.App - DEBUG - Creating main container...
2025-07-11 14:09:14,857 - TeleDrive.App - DEBUG - Creating center content frame...
2025-07-11 14:09:14,857 - TeleDrive.App - DEBUG - Creating logo section...
2025-07-11 14:09:14,857 - TeleDrive.App - DEBUG - Using loaded logo image
2025-07-11 14:09:14,861 - TeleDrive.App - DEBUG - Creating app title...
2025-07-11 14:09:14,863 - TeleDrive.App - DEBUG - Creating subtitle...
2025-07-11 14:09:14,865 - TeleDrive.App - DEBUG - Creating phone input section...
2025-07-11 14:09:14,865 - TeleDrive.App - DEBUG - Creating country code dropdown...
2025-07-11 14:09:14,871 - TeleDrive.App - DEBUG - Phone input created with country dropdown and number field
2025-07-11 14:09:14,872 - TeleDrive.App - DEBUG - Creating send code button...
2025-07-11 14:09:14,872 - TeleDrive.App - DEBUG - Creating status label...
2025-07-11 14:09:14,872 - TeleDrive.App - DEBUG - Setting focus and binding events...
2025-07-11 14:09:14,874 - TeleDrive.App - INFO - ✅ Login interface created successfully
2025-07-11 14:09:14,874 - TeleDrive.App - INFO - 🎉 TeleDrive initialized successfully!
2025-07-11 14:09:14,874 - TeleDrive.App - INFO - 🎬 Starting main application loop...
2025-07-11 14:09:54,627 - TeleDrive.App - INFO - 🔚 Application closed
2025-07-11 14:09:54,628 - TeleDrive.Main - INFO - ⚠️ Application interrupted by user
2025-07-11 14:09:54,629 - TeleDrive.Main - INFO - ============================================================
2025-07-11 14:09:54,630 - TeleDrive.Main - INFO - TeleDrive Application Session Ended
2025-07-11 14:09:54,631 - TeleDrive.Main - INFO - ============================================================
