2025-07-12 03:26:39,333 - main - INFO - log_step:123 - 
============================================================
[03:26:39] BƯỚC: TEST KHỞI ĐẦU
============================================================
Chi tiết: Bắt đầu test logging system
============================================================
2025-07-12 03:26:39,334 - main - WARNING - log_step:123 - 
============================================================
[03:26:39] BƯỚC: TEST CẢNH BÁO
============================================================
Chi tiết: Đây là test warning
============================================================
2025-07-12 03:26:39,334 - main - ERROR - log_step:123 - 
============================================================
[03:26:39] BƯỚC: TEST LỖI
============================================================
Chi tiết: Đây là test error
============================================================
2025-07-12 03:26:39,336 - main - INFO - log_progress:161 - PROGRESS: 1/5 test items (20.0%)
2025-07-12 03:26:39,336 - main - INFO - log_progress:161 - PROGRESS: 2/5 test items (40.0%)
2025-07-12 03:26:39,336 - main - INFO - log_progress:161 - PROGRESS: 3/5 test items (60.0%)
2025-07-12 03:26:39,336 - main - INFO - log_progress:161 - PROGRESS: 4/5 test items (80.0%)
2025-07-12 03:26:39,336 - main - INFO - log_progress:161 - PROGRESS: 5/5 test items (100.0%)
2025-07-12 03:26:39,340 - main - INFO - log_step:123 - 
============================================================
[03:26:39] BƯỚC: TEST HOÀN THÀNH
============================================================
Chi tiết: Đã test thành công tất cả chức năng logging
============================================================
