2025-07-11 13:39:44,158 - TeleDrive - INFO - ================================================================================
2025-07-11 13:39:44,158 - TeleDrive - INFO - 🚀 TeleDrive Application Session Started
2025-07-11 13:39:44,159 - TeleDrive - INFO - 📅 Date: 2025-07-11 13:39:44
2025-07-11 13:39:44,159 - TeleDrive - INFO - 📁 Log file: logs\teledrive_20250711.log
2025-07-11 13:39:44,159 - TeleDrive - INFO - 📊 Log level: DEBUG
2025-07-11 13:39:44,159 - TeleDrive - INFO - ================================================================================
2025-07-11 13:39:44,159 - TeleDrive.System - INFO - 💻 System Information:
2025-07-11 13:39:44,160 - TeleDrive.System - INFO -    OS: Windows 11
2025-07-11 13:39:44,160 - TeleDrive.System - INFO -    Python: 3.12.5
2025-07-11 13:39:44,160 - TeleDrive.System - INFO -    Architecture: 64bit
2025-07-11 13:39:44,246 - TeleDrive.System - INFO -    Tkinter: 8.6.13
2025-07-11 13:39:44,248 - TeleDrive.Dependencies - INFO - 📦 Checking dependencies:
2025-07-11 13:39:44,250 - TeleDrive.Dependencies - INFO -    ✅ telethon: 1.34.0
2025-07-11 13:39:44,250 - TeleDrive.Dependencies - INFO -    ✅ PIL: 10.1.0
2025-07-11 13:39:44,250 - TeleDrive.Dependencies - INFO -    ✅ asyncio: Built-in
2025-07-11 13:39:44,250 - TeleDrive.Dependencies - INFO -    ✅ threading: Built-in
2025-07-11 13:39:44,250 - TeleDrive.Main - INFO - 🔧 API Configuration - ID: 21272067, Session: teledrive_session
2025-07-11 13:39:44,250 - TeleDrive.Main - INFO - 🚀 Starting TeleDrive application...
2025-07-11 13:39:44,250 - TeleDrive.App - INFO - 🚀 Initializing TeleDrive Application...
2025-07-11 13:39:44,250 - TeleDrive.App - DEBUG - Creating main window...
2025-07-11 13:39:44,280 - TeleDrive.App - INFO - ✅ Main window created successfully
2025-07-11 13:39:44,280 - TeleDrive.App - DEBUG - Initializing application variables...
2025-07-11 13:39:44,281 - TeleDrive.App - DEBUG - Creating Telegram client...
2025-07-11 13:39:44,282 - asyncio - DEBUG - Using proactor: IocpProactor
2025-07-11 13:39:44,284 - TeleDrive.App - INFO - ✅ Telegram client created successfully
2025-07-11 13:39:44,284 - TeleDrive.App - DEBUG - Loading application logo...
2025-07-11 13:39:44,284 - TeleDrive.App - DEBUG - Checking for logo file: teledrive.png
2025-07-11 13:39:44,284 - TeleDrive.App - DEBUG - Logo file found, loading image...
2025-07-11 13:39:44,302 - PIL.PngImagePlugin - DEBUG - STREAM b'IHDR' 16 13
2025-07-11 13:39:44,303 - PIL.PngImagePlugin - DEBUG - STREAM b'pHYs' 41 9
2025-07-11 13:39:44,303 - PIL.PngImagePlugin - DEBUG - STREAM b'IDAT' 62 8192
2025-07-11 13:39:44,303 - TeleDrive.App - DEBUG - Original logo size: (256, 256)
2025-07-11 13:39:44,308 - TeleDrive.App - INFO - ✅ Logo loaded successfully: teledrive.png ((256, 256) -> (64, 64))
2025-07-11 13:39:44,309 - TeleDrive.App - DEBUG - Showing initial login interface...
2025-07-11 13:39:44,309 - TeleDrive.App - INFO - 🔐 Showing login interface...
2025-07-11 13:39:44,309 - TeleDrive.App - DEBUG - Clearing existing widgets...
2025-07-11 13:39:44,309 - TeleDrive.App - DEBUG - Cleared 0 existing widgets
2025-07-11 13:39:44,310 - TeleDrive.App - DEBUG - Creating main container...
2025-07-11 13:39:44,310 - TeleDrive.App - DEBUG - Creating center content frame...
2025-07-11 13:39:44,310 - TeleDrive.App - DEBUG - Creating logo section...
2025-07-11 13:39:44,310 - TeleDrive.App - DEBUG - Using loaded logo image
2025-07-11 13:39:44,314 - TeleDrive.App - DEBUG - Creating app title...
2025-07-11 13:39:44,315 - TeleDrive.App - DEBUG - Creating subtitle...
2025-07-11 13:39:44,316 - TeleDrive.App - DEBUG - Creating phone input section...
2025-07-11 13:39:44,318 - TeleDrive.App - DEBUG - Phone entry created with default value: +84
2025-07-11 13:39:44,318 - TeleDrive.App - DEBUG - Creating send code button...
2025-07-11 13:39:44,319 - TeleDrive.App - DEBUG - Creating status label...
2025-07-11 13:39:44,319 - TeleDrive.App - DEBUG - Setting focus and binding events...
2025-07-11 13:39:44,319 - TeleDrive.App - INFO - ✅ Login interface created successfully
2025-07-11 13:39:44,319 - TeleDrive.App - INFO - 🎉 TeleDrive initialized successfully!
2025-07-11 13:39:44,320 - TeleDrive.App - INFO - 🎬 Starting main application loop...
2025-07-11 13:40:01,316 - TeleDrive.App - INFO - 🏁 Main application loop ended
2025-07-11 13:40:01,316 - TeleDrive.App - INFO - 🔚 Application closed
2025-07-11 13:40:01,317 - TeleDrive.Main - INFO - 👋 TeleDrive application finished
2025-07-11 13:40:01,317 - TeleDrive.Main - INFO - ============================================================
2025-07-11 13:40:01,317 - TeleDrive.Main - INFO - TeleDrive Application Session Ended
2025-07-11 13:40:01,317 - TeleDrive.Main - INFO - ============================================================
2025-07-11 13:44:10,276 - TeleDrive - INFO - ================================================================================
2025-07-11 13:44:10,277 - TeleDrive - INFO - 🚀 TeleDrive Application Session Started
2025-07-11 13:44:10,277 - TeleDrive - INFO - 📅 Date: 2025-07-11 13:44:10
2025-07-11 13:44:10,277 - TeleDrive - INFO - 📁 Log file: logs\teledrive_20250711.log
2025-07-11 13:44:10,278 - TeleDrive - INFO - 📊 Log level: DEBUG
2025-07-11 13:44:10,278 - TeleDrive - INFO - ================================================================================
2025-07-11 13:44:10,278 - TeleDrive.System - INFO - 💻 System Information:
2025-07-11 13:44:10,278 - TeleDrive.System - INFO -    OS: Windows 11
2025-07-11 13:44:10,279 - TeleDrive.System - INFO -    Python: 3.12.5
2025-07-11 13:44:10,279 - TeleDrive.System - INFO -    Architecture: 64bit
2025-07-11 13:44:10,315 - TeleDrive.System - INFO -    Tkinter: 8.6.13
2025-07-11 13:44:10,318 - TeleDrive.Dependencies - INFO - 📦 Checking dependencies:
2025-07-11 13:44:10,318 - TeleDrive.Dependencies - INFO -    ✅ telethon: 1.34.0
2025-07-11 13:44:10,318 - TeleDrive.Dependencies - INFO -    ✅ PIL: 10.1.0
2025-07-11 13:44:10,318 - TeleDrive.Dependencies - INFO -    ✅ asyncio: Built-in
2025-07-11 13:44:10,318 - TeleDrive.Dependencies - INFO -    ✅ threading: Built-in
2025-07-11 13:44:10,319 - TeleDrive.Main - INFO - 🔧 API Configuration - ID: 21272067, Session: teledrive_session
2025-07-11 13:44:10,319 - TeleDrive.Main - INFO - 🚀 Starting TeleDrive application...
2025-07-11 13:44:10,319 - TeleDrive.App - INFO - 🚀 Initializing TeleDrive Application...
2025-07-11 13:44:10,319 - TeleDrive.App - DEBUG - Creating main window...
2025-07-11 13:44:10,349 - TeleDrive.App - INFO - ✅ Main window created successfully
2025-07-11 13:44:10,350 - TeleDrive.App - DEBUG - Initializing application variables...
2025-07-11 13:44:10,350 - TeleDrive.App - DEBUG - Creating Telegram client...
2025-07-11 13:44:10,351 - asyncio - DEBUG - Using proactor: IocpProactor
2025-07-11 13:44:10,352 - TeleDrive.App - INFO - ✅ Telegram client created successfully
2025-07-11 13:44:10,352 - TeleDrive.App - DEBUG - Loading application logo...
2025-07-11 13:44:10,352 - TeleDrive.App - DEBUG - Checking for logo file: teledrive.png
2025-07-11 13:44:10,354 - TeleDrive.App - DEBUG - Logo file found, loading image...
2025-07-11 13:44:10,362 - PIL.PngImagePlugin - DEBUG - STREAM b'IHDR' 16 13
2025-07-11 13:44:10,362 - PIL.PngImagePlugin - DEBUG - STREAM b'pHYs' 41 9
2025-07-11 13:44:10,363 - PIL.PngImagePlugin - DEBUG - STREAM b'IDAT' 62 8192
2025-07-11 13:44:10,363 - TeleDrive.App - DEBUG - Original logo size: (256, 256)
2025-07-11 13:44:10,367 - TeleDrive.App - INFO - ✅ Logo loaded successfully: teledrive.png ((256, 256) -> (64, 64))
2025-07-11 13:44:10,367 - TeleDrive.App - DEBUG - Showing initial login interface...
2025-07-11 13:44:10,369 - TeleDrive.App - INFO - 🔐 Showing login interface...
2025-07-11 13:44:10,369 - TeleDrive.App - DEBUG - Clearing existing widgets...
2025-07-11 13:44:10,369 - TeleDrive.App - DEBUG - Cleared 0 existing widgets
2025-07-11 13:44:10,369 - TeleDrive.App - DEBUG - Creating main container...
2025-07-11 13:44:10,369 - TeleDrive.App - DEBUG - Creating center content frame...
2025-07-11 13:44:10,370 - TeleDrive.App - DEBUG - Creating logo section...
2025-07-11 13:44:10,370 - TeleDrive.App - DEBUG - Using loaded logo image
2025-07-11 13:44:10,373 - TeleDrive.App - DEBUG - Creating app title...
2025-07-11 13:44:10,375 - TeleDrive.App - DEBUG - Creating subtitle...
2025-07-11 13:44:10,375 - TeleDrive.App - DEBUG - Creating phone input section...
2025-07-11 13:44:10,376 - TeleDrive.App - DEBUG - Creating country code dropdown...
2025-07-11 13:44:10,381 - TeleDrive.App - DEBUG - Phone input created with country dropdown and number field
2025-07-11 13:44:10,381 - TeleDrive.App - DEBUG - Creating send code button...
2025-07-11 13:44:10,382 - TeleDrive.App - DEBUG - Creating status label...
2025-07-11 13:44:10,382 - TeleDrive.App - DEBUG - Setting focus and binding events...
2025-07-11 13:44:10,382 - TeleDrive.App - INFO - ✅ Login interface created successfully
2025-07-11 13:44:10,383 - TeleDrive.App - INFO - 🎉 TeleDrive initialized successfully!
2025-07-11 13:44:10,383 - TeleDrive.App - INFO - 🎬 Starting main application loop...
2025-07-11 13:44:24,186 - TeleDrive.App - INFO - 🔚 Application closed
2025-07-11 13:44:24,186 - TeleDrive.Main - INFO - ⚠️ Application interrupted by user
2025-07-11 13:44:24,187 - TeleDrive.Main - INFO - ============================================================
2025-07-11 13:44:24,187 - TeleDrive.Main - INFO - TeleDrive Application Session Ended
2025-07-11 13:44:24,188 - TeleDrive.Main - INFO - ============================================================
